<?xml version="1.0" encoding="UTF-8"?>
<!-- Generated by org.testng.reporters.JUnitReportReporter -->
<testsuite hostname="Sarvesh" failures="0" tests="2" name="DemoTesting.Demo123.TestCase1" time="143.981" errors="0" timestamp="12 Jun 2023 06:05:58 GMT" skipped="0">
  <testcase classname="DemoTesting.Demo123.TestCase1" name="test1" time="57.274"/>
  <testcase classname="DemoTesting.Demo123.TestCase1" name="test1" time="86.707"/>
</testsuite> <!-- DemoTesting.Demo123.TestCase1 -->
